-------------------------------------------------------------------------------
Test set: service.impl.RegistInfoManagerTest
-------------------------------------------------------------------------------
Tests run: 1, Failures: 0, Errors: 1, Skipped: 0, Time elapsed: 0.155 s <<< FAILURE! - in service.impl.RegistInfoManagerTest
service.impl.RegistInfoManagerTest  Time elapsed: 0.155 s  <<< ERROR!
org.springframework.beans.factory.BeanCreationException: Error creating bean with name 'entityManagerFactory' defined in class path resource [databaseApplication.xml]: Invocation of init method failed; nested exception is javax.persistence.PersistenceException: [PersistenceUnit: em] Unable to build Hibernate SessionFactory; nested exception is org.hibernate.exception.GenericJDBCException: Unable to obtain JDBC Connection
	at service.impl.RegistInfoManagerTest.init(RegistInfoManagerTest.java:23)
Caused by: javax.persistence.PersistenceException: [PersistenceUnit: em] Unable to build Hibernate SessionFactory; nested exception is org.hibernate.exception.GenericJDBCException: Unable to obtain JDBC Connection
	at service.impl.RegistInfoManagerTest.init(RegistInfoManagerTest.java:23)
Caused by: org.hibernate.exception.GenericJDBCException: Unable to obtain JDBC Connection
	at service.impl.RegistInfoManagerTest.init(RegistInfoManagerTest.java:23)
Caused by: org.apache.commons.dbcp.SQLNestedException: Cannot load JDBC driver class 'oracle.jdbc.driver.OracleDriver'
	at service.impl.RegistInfoManagerTest.init(RegistInfoManagerTest.java:23)
Caused by: java.lang.ClassNotFoundException: oracle.jdbc.driver.OracleDriver
	at service.impl.RegistInfoManagerTest.init(RegistInfoManagerTest.java:23)

